Success (1):
content 3720 _a-0000de5f-7bd3-8000-3120-01ef9001ef90_3759 "ER"

Referenced precedents that were not exported (1):
content 3704 _a-0000de5f-7bd3-8000-3120-01ef9001ef90_3743

Trace:
2017-02-16 06:36:44.687 DEBUG content 3720 _a-0000de5f-7bd3-8000-3120-01ef9001ef90_3759 Begin transport.
2017-02-16 06:36:44.687 DEBUG content 3720 _a-0000de5f-7bd3-8000-3120-01ef9001ef90_3759 Retrieving object data.
2017-02-16 06:36:44.693 DEBUG content 3720 _a-0000de5f-7bd3-8000-3120-01ef9001ef90_3759 Setting uuids of object references.
2017-02-16 06:36:44.694 DEBUG content 3720 _a-0000de5f-7bd3-8000-3120-01ef9001ef90_3759 Processing reference: [Content:id=3720,versionId=-1,name=ER,description=,type=32,subtype=1,uuid=_a-0000de5f-7bd3-8000-3120-01ef9001ef90_3759,parent=3704,parentName=Cons,parentType=2,log=3720,logName=ER,state=255,visibility=35,security=15,creator=467095,createdTimestamp=2017-02-16 06:22:15.0,updatedTimestamp=2017-02-16 06:22:15.0,size=0,lockedBy=,changesRequireApproval=false,attributes={dep_rules=[Ljava.lang.Long;@4cc28b25, system=0, preferredEditor=legacy, hidden=0, ruletype=1, dep_functions=[Ljava.lang.String;@56632e72, definition=, dep_types=[Ljava.lang.String;@1a5f9378, parameters=[Lcom.appiancorp.suiteapi.process.TypedVariable;@2684db3c, dep_variables=[[Ljava.lang.String;@7e47f76a},partition=1,partitionName=E:/appian171/_admin/accdocs1]
2017-02-16 06:36:44.694 DEBUG content 3720 _a-0000de5f-7bd3-8000-3120-01ef9001ef90_3759 Processing reference: FreeformRule.forum
2017-02-16 06:36:44.694 DEBUG content 3720 _a-0000de5f-7bd3-8000-3120-01ef9001ef90_3759 Processing reference: FreeformRule.parent
2017-02-16 06:36:44.698 DEBUG content 3720 _a-0000de5f-7bd3-8000-3120-01ef9001ef90_3759 Processing reference: com.appiancorp.suiteapi.content.ContentRoleMap@674ee100[
  ContentRole[name=readers,inherit=true,allowForAll=false]
  ContentRole[name=authors,inherit=true,allowForAll=false]
  ContentRole[name=administrators,inherit=true,allowForAll=false]
  ContentRole[name=denyReaders,inherit=false,allowForAll=false]
  ContentRole[name=denyAuthors,inherit=false,allowForAll=false]
  ContentRole[name=denyAdministrators,inherit=false,allowForAll=false]
  securityVector=15:SEC_PUBLIC=true,SEC_CREATOR_ADMIN=false,SEC_INH_ADMIN=true,SEC_INH_EDITOR=true,SEC_INH_VIEWER=true,SEC_ALL_ADMIN=false,SEC_ALL_EDITOR=false,SEC_ALL_VIEWER=false
]
2017-02-16 06:36:44.698 DEBUG content 3720 _a-0000de5f-7bd3-8000-3120-01ef9001ef90_3759 Processing reference: ContentRole[name=readers,inherit=true,allowForAll=false]
2017-02-16 06:36:44.699 DEBUG content 3720 _a-0000de5f-7bd3-8000-3120-01ef9001ef90_3759 Processing reference: ContentRole[name=authors,inherit=true,allowForAll=false]
2017-02-16 06:36:44.699 DEBUG content 3720 _a-0000de5f-7bd3-8000-3120-01ef9001ef90_3759 Processing reference: ContentRole[name=administrators,inherit=true,allowForAll=false]
2017-02-16 06:36:44.699 DEBUG content 3720 _a-0000de5f-7bd3-8000-3120-01ef9001ef90_3759 Processing reference: ContentRole[name=denyReaders,inherit=false,allowForAll=false]
2017-02-16 06:36:44.699 DEBUG content 3720 _a-0000de5f-7bd3-8000-3120-01ef9001ef90_3759 Processing reference: ContentRole[name=denyAuthors,inherit=false,allowForAll=false]
2017-02-16 06:36:44.699 DEBUG content 3720 _a-0000de5f-7bd3-8000-3120-01ef9001ef90_3759 Processing reference: ContentRole[name=denyAdministrators,inherit=false,allowForAll=false]
2017-02-16 06:36:44.699 DEBUG content 3720 _a-0000de5f-7bd3-8000-3120-01ef9001ef90_3759 Completing produce.
2017-02-16 06:36:44.699 DEBUG content 3720 _a-0000de5f-7bd3-8000-3120-01ef9001ef90_3759 Exporting binary resources.
2017-02-16 06:36:44.699 DEBUG content 3720 _a-0000de5f-7bd3-8000-3120-01ef9001ef90_3759 Serializing object to XML.
2017-02-16 06:36:44.7 DEBUG content 3720 _a-0000de5f-7bd3-8000-3120-01ef9001ef90_3759 Object transported.
